<?xml version="1.0" encoding="UTF-8"?>
<!-- Generated by org.testng.reporters.JUnitReportReporter -->
<testsuite hostname="Girish-OTBT" failures="0" tests="1" name="Optimus.eContracts.ETest" time="0.001" errors="0" timestamp="2022-07-07T20:57:08 IST" skipped="0">
  <testcase classname="Optimus.eContracts.ETest" name="test1" time="0.001"/>
  <system-out/>
</testsuite> <!-- Optimus.eContracts.ETest -->
